Grammar

    0 $accept: stmt $end

    1 stmt: NUMBER NL


Terminals, with rules where they appear

    $end (0) 0
    error (256)
    NUMBER (258) 1
    NL (259) 1


Nonterminals, with rules where they appear

    $accept (5)
        on left: 0
    stmt (6)
        on left: 1
        on right: 0


State 0

    0 $accept: . stmt $end

    NUMBER  shift, and go to state 1

    stmt  go to state 2


State 1

    1 stmt: NUMBER . NL

    NL  shift, and go to state 3


State 2

    0 $accept: stmt . $end

    $end  shift, and go to state 4


State 3

    1 stmt: NUMBER NL .

    $default  reduce using rule 1 (stmt)


State 4

    0 $accept: stmt $end .

    $default  accept
